Arguments: 
  /Users/johnforster/.nvm/versions/node/v10.19.0/bin/node /usr/local/Cellar/yarn/1.19.2/libexec/bin/yarn.js add await-to-js lodash.clone lodash.range lodash.shuffle preact preact-router

PATH: 
  /Users/johnforster/.nvm/versions/node/v10.19.0/bin:/usr/local/bin:/usr/bin:/bin:/usr/sbin:/sbin:/usr/local/share/dotnet:/opt/X11/bin:~/.dotnet/tools:/Library/Frameworks/Mono.framework/Versions/Current/Commands:/Users/johnforster/.nvm/versions/node/v10.19.0/bin:/Users/johnforster/Users/johnforster/Downloads/sonar-scanner-4.0.0.1744-macosx/bin:/Users/johnforster/Users/johnforster/Downloads/sonar-scanner-4.0.0.1744-macosx/bin

Yarn version: 
  1.19.2

Node version: 
  10.19.0

Platform: 
  darwin x64

Trace: 
  SyntaxError: /Users/johnforster/repos/diplomacy/src/client/package.json: Unexpected end of JSON input
      at JSON.parse (<anonymous>)
      at /usr/local/Cellar/yarn/1.19.2/libexec/lib/cli.js:1625:59
      at Generator.next (<anonymous>)
      at step (/usr/local/Cellar/yarn/1.19.2/libexec/lib/cli.js:304:30)
      at /usr/local/Cellar/yarn/1.19.2/libexec/lib/cli.js:315:13

npm manifest: 
  

yarn manifest: 
  No manifest

Lockfile: 
  No lockfile
